<?xml version="1.0" encoding="UTF-8"?>
<!-- Generated by org.testng.reporters.JUnitReportReporter -->
<testsuite skipped="2" hostname="N-091" name="Ejercicio1.SearchTest" tests="3" failures="0" timestamp="2020-02-05T13:46:33 ART" time="37.408" errors="0">
  <testcase name="searchByDressClickColor" time="37.408" classname="Ejercicio1.SearchTest"/>
  <testcase name="searchByTennis" classname="Ejercicio1.SearchTest">
    <skipped/>
  </testcase> <!-- searchByTennis -->
  <testcase name="searchByTennis2" classname="Ejercicio1.SearchTest">
    <skipped/>
  </testcase> <!-- searchByTennis2 -->
</testsuite> <!-- Ejercicio1.SearchTest -->
