<?xml version="1.0" encoding="UTF-8"?>
<!-- Generated by org.testng.reporters.JUnitReportReporter -->
<testsuite skipped="2" hostname="N-091" name="Ejercicio1.SearchTest" tests="3" failures="0" timestamp="2020-02-11T16:21:19 ART" time="37.881" errors="0">
  <testcase name="searchByDressClickColor" time="37.881" classname="Ejercicio1.SearchTest"/>
  <testcase name="searchByTennis" classname="Ejercicio1.SearchTest">
    <skipped/>
  </testcase> <!-- searchByTennis -->
  <testcase name="searchByTennis1" classname="Ejercicio1.SearchTest">
    <skipped/>
  </testcase> <!-- searchByTennis1 -->
</testsuite> <!-- Ejercicio1.SearchTest -->
