<?xml version="1.0" encoding="UTF-8"?>
<!-- Generated by org.testng.reporters.JUnitReportReporter -->
<testsuite skipped="0" hostname="N-091" name="Ejercicio1.SearchTest" tests="1" failures="0" timestamp="2020-01-20T14:15:26 ART" time="34.138" errors="0">
  <testcase name="searchByTennis" time="34.138" classname="Ejercicio1.SearchTest"/>
</testsuite> <!-- Ejercicio1.SearchTest -->
