<?xml version="1.0" encoding="UTF-8"?>
<!-- Generated by org.testng.reporters.JUnitReportReporter -->
<testsuite skipped="3" hostname="N-091" name="Ejercicio1.SearchTest" tests="9" failures="0" timestamp="2020-02-11T14:30:05 ART" time="200.031" errors="0">
  <testcase name="clickDress" time="31.245" classname="Ejercicio1.SearchTest"/>
  <testcase name="loginIncorrecto" time="28.879" classname="Ejercicio1.SearchTest"/>
  <testcase name="searchInex" time="27.895" classname="Ejercicio1.SearchTest"/>
  <testcase name="selectTShirt" time="48.205" classname="Ejercicio1.SearchTest"/>
  <testcase name="clickWomen" time="32.610" classname="Ejercicio1.SearchTest"/>
  <testcase name="searchExis" time="31.197" classname="Ejercicio1.SearchTest"/>
  <testcase name="searchByTennis" classname="Ejercicio1.SearchTest">
    <skipped/>
  </testcase> <!-- searchByTennis -->
  <testcase name="searchByTennis1" classname="Ejercicio1.SearchTest">
    <skipped/>
  </testcase> <!-- searchByTennis1 -->
  <testcase name="searchByDressClickColor" classname="Ejercicio1.SearchTest">
    <skipped/>
  </testcase> <!-- searchByDressClickColor -->
</testsuite> <!-- Ejercicio1.SearchTest -->
